TN:
SF:D:\University\LCS\laba3\src\index.js
FN:8,returnFirstArgument
FN:18,defaultParameterValue
FN:29,returnArgumentsArray
FN:42,returnFnResult
FN:52,returnCounter
FN:53,F
FN:62,bindFunction
FN:72,forEach
FN:82,map
FN:94,reduce
FN:112,deleteProperty
FN:121,hasProperty
FN:131,getEnumProps
FN:144,upperProps
FN:157,slice
FN:174,isAllTrue
FN:185,(anonymous_16)
FN:204,isSomeTrue
FN:216,(anonymous_18)
FN:233,returnBadArguments
FN:265,calculator
FN:272,(anonymous_21)
FN:278,(anonymous_22)
FN:284,(anonymous_23)
FN:294,(anonymous_24)
FNF:25
FNH:25
FNDA:1,returnFirstArgument
FNDA:2,defaultParameterValue
FNDA:2,returnArgumentsArray
FNDA:1,returnFnResult
FNDA:3,returnCounter
FNDA:6,F
FNDA:2,bindFunction
FNDA:3,forEach
FNDA:5,map
FNDA:11,reduce
FNDA:1,deleteProperty
FNDA:2,hasProperty
FNDA:1,getEnumProps
FNDA:1,upperProps
FNDA:17,slice
FNDA:5,isAllTrue
FNDA:15,(anonymous_16)
FNDA:4,isSomeTrue
FNDA:7,(anonymous_18)
FNDA:4,returnBadArguments
FNDA:8,calculator
FNDA:2,(anonymous_21)
FNDA:1,(anonymous_22)
FNDA:2,(anonymous_23)
FNDA:1,(anonymous_24)
DA:9,1
DA:19,2
DA:20,2
DA:30,2
DA:31,2
DA:32,8
DA:34,2
DA:43,1
DA:53,6
DA:63,2
DA:64,2
DA:73,3
DA:74,15
DA:83,5
DA:84,5
DA:85,31
DA:87,5
DA:95,11
DA:96,11
DA:97,7
DA:98,7
DA:99,4
DA:100,11
DA:101,59
DA:102,59
DA:104,11
DA:113,1
DA:122,2
DA:123,1
DA:124,1
DA:132,1
DA:133,1
DA:134,2
DA:135,2
DA:137,1
DA:145,1
DA:146,1
DA:147,2
DA:148,2
DA:150,1
DA:158,17
DA:159,17
DA:177,5
DA:178,2
DA:180,3
DA:181,1
DA:184,2
DA:185,2
DA:186,15
DA:187,0
DA:190,2
DA:206,4
DA:207,2
DA:209,2
DA:210,1
DA:215,1
DA:216,1
DA:217,7
DA:218,1
DA:221,1
DA:234,4
DA:236,4
DA:237,1
DA:240,3
DA:241,15
DA:242,15
DA:244,4
DA:248,3
DA:267,8
DA:268,1
DA:271,7
DA:273,2
DA:274,13
DA:276,2
DA:279,1
DA:280,8
DA:282,1
DA:285,2
DA:286,13
DA:287,1
DA:290,12
DA:292,1
DA:295,1
DA:296,5
DA:298,1
DA:301,7
LF:86
LH:85
BRDA:18,0,0,1
BRDA:52,1,0,2
BRDA:96,2,0,7
BRDA:96,2,1,4
BRDA:122,3,0,1
BRDA:122,3,1,1
BRDA:177,4,0,2
BRDA:177,4,1,3
BRDA:177,5,0,5
BRDA:177,5,1,4
BRDA:180,6,0,1
BRDA:180,6,1,2
BRDA:186,7,0,0
BRDA:186,7,1,15
BRDA:206,8,0,2
BRDA:206,8,1,2
BRDA:206,9,0,4
BRDA:206,9,1,3
BRDA:209,10,0,1
BRDA:209,10,1,1
BRDA:217,11,0,1
BRDA:217,11,1,6
BRDA:236,12,0,1
BRDA:236,12,1,3
BRDA:265,13,0,2
BRDA:267,14,0,1
BRDA:267,14,1,7
BRDA:286,15,0,1
BRDA:286,15,1,12
BRF:29
BRH:28
end_of_record
